<?xml version="1.0" encoding="UTF-8"?>
<!-- Generated by org.testng.reporters.JUnitReportReporter -->
<testsuite hostname="LAPTOP-H7R7DK85" failures="0" tests="1" name="SeleniumGrid.Test1" time="13.380" errors="0" timestamp="2022-11-02T16:23:37 IST" skipped="0">
  <testcase classname="SeleniumGrid.Test1" name="gridPractice" time="13.380"/>
  <system-out/>
</testsuite> <!-- SeleniumGrid.Test1 -->
