<?xml version="1.0" encoding="UTF-8"?>
<!-- Generated by org.testng.reporters.JUnitReportReporter -->
<testsuite hostname="LAPTOP-H7R7DK85" failures="0" tests="1" name="practice.HighLightedText" time="17.328" errors="0" timestamp="2022-11-18T11:34:32 IST" skipped="0">
  <testcase classname="practice.HighLightedText" name="textCheckTest" time="17.328"/>
  <system-out/>
</testsuite> <!-- practice.HighLightedText -->
