<?xml version="1.0" encoding="UTF-8"?>
<!-- Generated by org.testng.reporters.JUnitReportReporter -->
<testsuite hostname="LAPTOP-H7R7DK85" failures="0" tests="1" name="practice.BrokenLinks" time="266.214" errors="0" timestamp="2023-03-05T12:51:46 IST" skipped="0">
  <testcase classname="practice.BrokenLinks" name="brokenLinksTest" time="266.214"/>
  <system-out/>
</testsuite> <!-- practice.BrokenLinks -->
